# JRE version: OpenJDK Runtime Environment (8.0_342-b07) (build 1.8.0_342-b07)
# Java VM: OpenJDK 64-Bit Server VM (25.342-b07 mixed mode windows-amd64 compressed oops)
Heap:
 PSYoungGen      total 53248K, used 43259K [0x00000000e0700000, 0x00000000e7900000, 0x0000000100000000)
  eden space 49152K, 79% used [0x00000000e0700000,0x00000000e2d42d00,0x00000000e3700000)
  from space 4096K, 99% used [0x00000000e3700000,0x00000000e3afc010,0x00000000e3b00000)
  to   space 9216K, 0% used [0x00000000e7000000,0x00000000e7000000,0x00000000e7900000)
 ParOldGen       total 65536K, used 11759K [0x00000000a1400000, 0x00000000a5400000, 0x00000000e0700000)
  object space 65536K, 17% used [0x00000000a1400000,0x00000000a1f7be50,0x00000000a5400000)
 Metaspace       used 20026K, capacity 20662K, committed 20864K, reserved 1067008K
  class space    used 2424K, capacity 2622K, committed 2688K, reserved 1048576K
GC Heap History (10 events):
Event: 0.957 GC heap before
{Heap before GC invocations=1 (full 0):
 PSYoungGen      total 28672K, used 24576K [0x00000000e0700000, 0x00000000e2700000, 0x0000000100000000)
  eden space 24576K, 100% used [0x00000000e0700000,0x00000000e1f00000,0x00000000e1f00000)
  from space 4096K, 0% used [0x00000000e2300000,0x00000000e2300000,0x00000000e2700000)
  to   space 4096K, 0% used [0x00000000e1f00000,0x00000000e1f00000,0x00000000e2300000)
 ParOldGen       total 65536K, used 0K [0x00000000a1400000, 0x00000000a5400000, 0x00000000e0700000)
  object space 65536K, 0% used [0x00000000a1400000,0x00000000a1400000,0x00000000a5400000)
 Metaspace       used 9343K, capacity 9572K, committed 9728K, reserved 1058816K
  class space    used 1135K, capacity 1264K, committed 1280K, reserved 1048576K
Event: 0.965 GC heap after
Heap after GC invocations=1 (full 0):
 PSYoungGen      total 28672K, used 4070K [0x00000000e0700000, 0x00000000e2700000, 0x0000000100000000)
  eden space 24576K, 0% used [0x00000000e0700000,0x00000000e0700000,0x00000000e1f00000)
  from space 4096K, 99% used [0x00000000e1f00000,0x00000000e22f9968,0x00000000e2300000)
  to   space 4096K, 0% used [0x00000000e2300000,0x00000000e2300000,0x00000000e2700000)
 ParOldGen       total 65536K, used 990K [0x00000000a1400000, 0x00000000a5400000, 0x00000000e0700000)
  object space 65536K, 1% used [0x00000000a1400000,0x00000000a14f7918,0x00000000a5400000)
 Metaspace       used 9343K, capacity 9572K, committed 9728K, reserved 1058816K
  class space    used 1135K, capacity 1264K, committed 1280K, reserved 1048576K
}
Event: 1.459 GC heap before
{Heap before GC invocations=2 (full 0):
 PSYoungGen      total 28672K, used 28646K [0x00000000e0700000, 0x00000000e2700000, 0x0000000100000000)
  eden space 24576K, 100% used [0x00000000e0700000,0x00000000e1f00000,0x00000000e1f00000)
  from space 4096K, 99% used [0x00000000e1f00000,0x00000000e22f9968,0x00000000e2300000)
  to   space 4096K, 0% used [0x00000000e2300000,0x00000000e2300000,0x00000000e2700000)
 ParOldGen       total 65536K, used 990K [0x00000000a1400000, 0x00000000a5400000, 0x00000000e0700000)
  object space 65536K, 1% used [0x00000000a1400000,0x00000000a14f7918,0x00000000a5400000)
 Metaspace       used 10815K, capacity 11058K, committed 11264K, reserved 1058816K
  class space    used 1324K, capacity 1429K, committed 1536K, reserved 1048576K
Event: 1.470 GC heap after
Heap after GC invocations=2 (full 0):
 PSYoungGen      total 28672K, used 4073K [0x00000000e0700000, 0x00000000e3f00000, 0x0000000100000000)
  eden space 24576K, 0% used [0x00000000e0700000,0x00000000e0700000,0x00000000e1f00000)
  from space 4096K, 99% used [0x00000000e2300000,0x00000000e26fa410,0x00000000e2700000)
  to   space 4096K, 0% used [0x00000000e1f00000,0x00000000e1f00000,0x00000000e2300000)
 ParOldGen       total 65536K, used 1982K [0x00000000a1400000, 0x00000000a5400000, 0x00000000e0700000)
  object space 65536K, 3% used [0x00000000a1400000,0x00000000a15ef980,0x00000000a5400000)
 Metaspace       used 10815K, capacity 11058K, committed 11264K, reserved 1058816K
  class space    used 1324K, capacity 1429K, committed 1536K, reserved 1048576K
}
Event: 2.492 GC heap before
{Heap before GC invocations=3 (full 0):
 PSYoungGen      total 28672K, used 28649K [0x00000000e0700000, 0x00000000e3f00000, 0x0000000100000000)
  eden space 24576K, 100% used [0x00000000e0700000,0x00000000e1f00000,0x00000000e1f00000)
  from space 4096K, 99% used [0x00000000e2300000,0x00000000e26fa410,0x00000000e2700000)
  to   space 4096K, 0% used [0x00000000e1f00000,0x00000000e1f00000,0x00000000e2300000)
 ParOldGen       total 65536K, used 1982K [0x00000000a1400000, 0x00000000a5400000, 0x00000000e0700000)
  object space 65536K, 3% used [0x00000000a1400000,0x00000000a15ef980,0x00000000a5400000)
 Metaspace       used 13619K, capacity 13930K, committed 14208K, reserved 1060864K
  class space    used 1703K, capacity 1862K, committed 1920K, reserved 1048576K
Event: 2.500 GC heap after
Heap after GC invocations=3 (full 0):
 PSYoungGen      total 28672K, used 4064K [0x00000000e0700000, 0x00000000e3f00000, 0x0000000100000000)
  eden space 24576K, 0% used [0x00000000e0700000,0x00000000e0700000,0x00000000e1f00000)
  from space 4096K, 99% used [0x00000000e1f00000,0x00000000e22f8040,0x00000000e2300000)
  to   space 4096K, 0% used [0x00000000e3b00000,0x00000000e3b00000,0x00000000e3f00000)
 ParOldGen       total 65536K, used 4392K [0x00000000a1400000, 0x00000000a5400000, 0x00000000e0700000)
  object space 65536K, 6% used [0x00000000a1400000,0x00000000a184a230,0x00000000a5400000)
 Metaspace       used 13619K, capacity 13930K, committed 14208K, reserved 1060864K
  class space    used 1703K, capacity 1862K, committed 1920K, reserved 1048576K
}
Event: 3.548 GC heap before
{Heap before GC invocations=4 (full 0):
 PSYoungGen      total 28672K, used 28640K [0x00000000e0700000, 0x00000000e3f00000, 0x0000000100000000)
  eden space 24576K, 100% used [0x00000000e0700000,0x00000000e1f00000,0x00000000e1f00000)
  from space 4096K, 99% used [0x00000000e1f00000,0x00000000e22f8040,0x00000000e2300000)
  to   space 4096K, 0% used [0x00000000e3b00000,0x00000000e3b00000,0x00000000e3f00000)
 ParOldGen       total 65536K, used 4392K [0x00000000a1400000, 0x00000000a5400000, 0x00000000e0700000)
  object space 65536K, 6% used [0x00000000a1400000,0x00000000a184a230,0x00000000a5400000)
 Metaspace       used 16791K, capacity 17172K, committed 17408K, reserved 1064960K
  class space    used 2132K, capacity 2271K, committed 2304K, reserved 1048576K
Event: 3.561 GC heap after
Heap after GC invocations=4 (full 0):
 PSYoungGen      total 53248K, used 4064K [0x00000000e0700000, 0x00000000e3f00000, 0x0000000100000000)
  eden space 49152K, 0% used [0x00000000e0700000,0x00000000e0700000,0x00000000e3700000)
  from space 4096K, 99% used [0x00000000e3b00000,0x00000000e3ef8040,0x00000000e3f00000)
  to   space 4096K, 0% used [0x00000000e3700000,0x00000000e3700000,0x00000000e3b00000)
 ParOldGen       total 65536K, used 7316K [0x00000000a1400000, 0x00000000a5400000, 0x00000000e0700000)
  object space 65536K, 11% used [0x00000000a1400000,0x00000000a1b250c0,0x00000000a5400000)
 Metaspace       used 16791K, capacity 17172K, committed 17408K, reserved 1064960K
  class space    used 2132K, capacity 2271K, committed 2304K, reserved 1048576K
}
Event: 4.956 GC heap before
{Heap before GC invocations=5 (full 0):
 PSYoungGen      total 53248K, used 53216K [0x00000000e0700000, 0x00000000e3f00000, 0x0000000100000000)
  eden space 49152K, 100% used [0x00000000e0700000,0x00000000e3700000,0x00000000e3700000)
  from space 4096K, 99% used [0x00000000e3b00000,0x00000000e3ef8040,0x00000000e3f00000)
  to   space 4096K, 0% used [0x00000000e3700000,0x00000000e3700000,0x00000000e3b00000)
 ParOldGen       total 65536K, used 7316K [0x00000000a1400000, 0x00000000a5400000, 0x00000000e0700000)
  object space 65536K, 11% used [0x00000000a1400000,0x00000000a1b250c0,0x00000000a5400000)
 Metaspace       used 19280K, capacity 19948K, committed 20096K, reserved 1067008K
  class space    used 2378K, capacity 2581K, committed 2688K, reserved 1048576K
Event: 4.969 GC heap after
Heap after GC invocations=5 (full 0):
 PSYoungGen      total 53248K, used 4080K [0x00000000e0700000, 0x00000000e7900000, 0x0000000100000000)
  eden space 49152K, 0% used [0x00000000e0700000,0x00000000e0700000,0x00000000e3700000)
  from space 4096K, 99% used [0x00000000e3700000,0x00000000e3afc010,0x00000000e3b00000)
  to   space 9216K, 0% used [0x00000000e7000000,0x00000000e7000000,0x00000000e7900000)
 ParOldGen       total 65536K, used 11759K [0x00000000a1400000, 0x00000000a5400000, 0x00000000e0700000)
  object space 65536K, 17% used [0x00000000a1400000,0x00000000a1f7be50,0x00000000a5400000)
 Metaspace       used 19280K, capacity 19948K, committed 20096K, reserved 1067008K
  class space    used 2378K, capacity 2581K, committed 2688K, reserved 1048576K
}

